PLINK v1.9.0-b.7.11 64-bit (19 Aug 2025)
Options in effect:
  --bfile data/final/chr22_step3_sampleqc
  --extract chr22_prune.prune.in
  --out chr22_pca
  --pca 10

Hostname: Oykus-MacBook-Pro.local
Working directory: /Users/oykusuoglu/gobi/gobi_gwas/oyku
Start time: Fri Feb 13 19:47:08 2026

Random number seed: 1771008428
16384 MB RAM detected; reserving 8192 MB for main workspace.
59743 variants loaded from .bim file.
2504 people (0 males, 0 females, 2504 ambiguous) loaded from .fam.
Ambiguous sex IDs written to chr22_pca.nosex .
--extract: 5191 variants remaining.
Using up to 9 threads (change this with --threads).
Before main variant filters, 2504 founders and 0 nonfounders present.
Calculating allele frequencies... done.
Total genotyping rate is 0.999999.
5191 variants and 2504 people pass filters and QC.
Note: No phenotypes present.
Relationship matrix calculation complete.
--pca: Results saved to chr22_pca.eigenval and chr22_pca.eigenvec .

End time: Fri Feb 13 19:47:09 2026
