PLINK v1.9.0-b.7.11 64-bit (19 Aug 2025)
Options in effect:
  --bfile /Users/oykusuoglu/gobi/gobi_gwas/oyku/data/pca/before_qc/qc/chr22_step1_common
  --list-duplicate-vars ids-only suppress-first
  --out /Users/oykusuoglu/gobi/gobi_gwas/oyku/data/pca/before_qc/qc/dupcheck

Hostname: Oykus-MacBook-Pro.local
Working directory: /Users/oykusuoglu/gobi/gobi_gwas/oyku/notebooks
Start time: Wed Feb 18 10:36:06 2026

Random number seed: 1771407366
16384 MB RAM detected; reserving 8192 MB for main workspace.
59743 variants loaded from .bim file.
2504 people (0 males, 0 females, 2504 ambiguous) loaded from .fam.
Ambiguous sex IDs written to
/Users/oykusuoglu/gobi/gobi_gwas/oyku/data/pca/before_qc/qc/dupcheck.nosex .
Using 1 thread (no multithreaded calculations invoked).
Before main variant filters, 2504 founders and 0 nonfounders present.
Calculating allele frequencies... done.
Total genotyping rate is in [0.9999995, 1).
59743 variants and 2504 people pass filters and QC.
Note: No phenotypes present.
--list-duplicate-vars report written to
/Users/oykusuoglu/gobi/gobi_gwas/oyku/data/pca/before_qc/qc/dupcheck.dupvar .

End time: Wed Feb 18 10:36:06 2026
