PLINK v1.9.0-b.7.11 64-bit (19 Aug 2025)
Options in effect:
  --bfile /Users/oykusuoglu/gobi/gobi_gwas/oyku/data/raw/ALL.chr22_GRCh38.genotypes.20170504
  --extract /Users/oykusuoglu/gobi/gobi_gwas/oyku/data/pca/before_qc/chr22_raw_prune.prune.in
  --out /Users/oykusuoglu/gobi/gobi_gwas/oyku/data/pca/before_qc/chr22_raw_pca10
  --pca 10

Hostname: Oykus-MacBook-Pro.local
Working directory: /Users/oykusuoglu/gobi/gobi_gwas/oyku/notebooks
Start time: Wed Feb 18 10:34:21 2026

Random number seed: 1771407262
16384 MB RAM detected; reserving 8192 MB for main workspace.
109827 variants loaded from .bim file.
2504 people (0 males, 0 females, 2504 ambiguous) loaded from .fam.
Ambiguous sex IDs written to
/Users/oykusuoglu/gobi/gobi_gwas/oyku/data/pca/before_qc/chr22_raw_pca10.nosex
.
--extract: 7552 variants remaining.
Warning: At least 2 duplicate IDs in --extract file.
Using up to 9 threads (change this with --threads).
Before main variant filters, 2504 founders and 0 nonfounders present.
Calculating allele frequencies... done.
Total genotyping rate is 0.999756.
7552 variants and 2504 people pass filters and QC.
Note: No phenotypes present.
Relationship matrix calculation complete.
--pca: Results saved to
/Users/oykusuoglu/gobi/gobi_gwas/oyku/data/pca/before_qc/chr22_raw_pca10.eigenval
and
/Users/oykusuoglu/gobi/gobi_gwas/oyku/data/pca/before_qc/chr22_raw_pca10.eigenvec
.

End time: Wed Feb 18 10:34:23 2026
