PLINK v1.9.0-b.7.11 64-bit (19 Aug 2025)
Options in effect:
  --bfile /Users/oykusuoglu/gobi/gobi_gwas/oyku/data/pca/before_qc/qc/chr22_step3_sampleqc
  --keep /Users/oykusuoglu/gobi/gobi_gwas/oyku/data/splits/train.keep
  --make-bed
  --out /Users/oykusuoglu/gobi/gobi_gwas/oyku/data/splits/chr22_train

Hostname: Oykus-MacBook-Pro.local
Working directory: /Users/oykusuoglu/gobi/gobi_gwas/oyku/notebooks
Start time: Wed Feb 18 13:12:50 2026

Random number seed: 1771416770
16384 MB RAM detected; reserving 8192 MB for main workspace.
59743 variants loaded from .bim file.
2504 people (0 males, 0 females, 2504 ambiguous) loaded from .fam.
Ambiguous sex IDs written to
/Users/oykusuoglu/gobi/gobi_gwas/oyku/data/splits/chr22_train.nosex .
--keep: 1752 people remaining.
Using 1 thread (no multithreaded calculations invoked).
Before main variant filters, 1752 founders and 0 nonfounders present.
Calculating allele frequencies... done.
Total genotyping rate in remaining samples is in [0.9999995, 1).
59743 variants and 1752 people pass filters and QC.
Note: No phenotypes present.
--make-bed to /Users/oykusuoglu/gobi/gobi_gwas/oyku/data/splits/chr22_train.bed
+ /Users/oykusuoglu/gobi/gobi_gwas/oyku/data/splits/chr22_train.bim +
/Users/oykusuoglu/gobi/gobi_gwas/oyku/data/splits/chr22_train.fam ... done.

End time: Wed Feb 18 13:12:50 2026
