PLINK v1.9.0-b.7.11 64-bit (19 Aug 2025)
Options in effect:
  --bfile data/preprocessing/chr22_preprocessed
  --keep data/preprocessing/tmp_train_fam.txt
  --make-bed
  --out data/preprocessing/chr22_preprocessed_train_subset

Hostname: DAVIVOBOOK
Working directory: C:\Users\david\PycharmProjects\GoBi\gobi_gwas\david
Start time: Wed Feb 18 12:16:26 2026

Random number seed: 1771413386
16062 MB RAM detected; reserving 8031 MB for main workspace.
59743 variants loaded from .bim file.
2504 people (0 males, 0 females, 2504 ambiguous) loaded from .fam.
Ambiguous sex IDs written to
data/preprocessing/chr22_preprocessed_train_subset.nosex .
--keep: 2003 people remaining.
Using 1 thread (no multithreaded calculations invoked).
Before main variant filters, 2003 founders and 0 nonfounders present.
Calculating allele frequencies... done.
Total genotyping rate in remaining samples is in [0.9999995, 1).
59743 variants and 2003 people pass filters and QC.
Note: No phenotypes present.
--make-bed to data/preprocessing/chr22_preprocessed_train_subset.bed +
data/preprocessing/chr22_preprocessed_train_subset.bim +
data/preprocessing/chr22_preprocessed_train_subset.fam ... done.

End time: Wed Feb 18 12:16:27 2026
