PLINK v1.9.0-b.7.11 64-bit (19 Aug 2025)
Options in effect:
  --bfile data/qc/chr22_step3_sampleqc
  --clump gwas_results.txt
  --clump-r2 0.1
  --out data/final/chr22_step3_clumped

Hostname: Oykus-MacBook-Pro.local
Working directory: /Users/oykusuoglu/gobi/gobi_gwas/oyku
Start time: Sun Feb 15 22:46:11 2026

Random number seed: 1771191971
16384 MB RAM detected; reserving 8192 MB for main workspace.
59743 variants loaded from .bim file.
2504 people (0 males, 0 females, 2504 ambiguous) loaded from .fam.
Ambiguous sex IDs written to data/final/chr22_step3_clumped.nosex .
Using 1 thread (no multithreaded calculations invoked).
Before main variant filters, 2504 founders and 0 nonfounders present.
Calculating allele frequencies... done.
Total genotyping rate is in [0.9999995, 1).
59743 variants and 2504 people pass filters and QC.
Note: No phenotypes present.
--clump: 306 clumps formed from 2582 top variants.
Results written to data/final/chr22_step3_clumped.clumped .

End time: Sun Feb 15 22:46:12 2026
