PLINK v1.90p 64-bit (6 Sep 2023)
Options in effect:
  --bfile /Users/malenavoss/GoBi_Theis/Blockteil/gobi_gwas/malena_v/PLINK/final/chr22_step3_sampleqc
  --indep-pairwise 200 50 0.2
  --out chr22_prune

Hostname: Malenas-MacBook-Pro.fritz.box
Working directory: /Users/malenavoss/GoBi_Theis/Blockteil/gobi_gwas/malena_v/PLINK/PCA
Start time: Tue Feb 17 15:04:25 2026

Random number seed: 1771337065
16384 MB RAM detected; reserving 8192 MB for main workspace.
59743 variants loaded from .bim file.
2504 people (0 males, 0 females, 2504 ambiguous) loaded from .fam.
Ambiguous sex IDs written to chr22_prune.nosex .
Using 1 thread (no multithreaded calculations invoked).
Before main variant filters, 2504 founders and 0 nonfounders present.
Calculating allele frequencies... done.
Total genotyping rate is in [0.9999995, 1).
59743 variants and 2504 people pass filters and QC.
Note: No phenotypes present.
Pruned 54552 variants from chromosome 22, leaving 5191.
Pruning complete.  54552 of 59743 variants removed.
Marker lists written to chr22_prune.prune.in and chr22_prune.prune.out .

End time: Tue Feb 17 15:04:25 2026
