PLINK v1.90p 64-bit (6 Sep 2023)
Options in effect:
  --bfile /Users/malenavoss/GoBi_Theis/Blockteil/gobi_gwas/malena_v/PLINK/final/chr22_step3_sampleqc
  --extract chr22_prune.prune.in
  --out chr22_pca
  --pca 10

Hostname: Malenas-MacBook-Pro.fritz.box
Working directory: /Users/malenavoss/GoBi_Theis/Blockteil/gobi_gwas/malena_v/PLINK/PCA
Start time: Tue Feb 17 15:06:01 2026

Random number seed: 1771337161
16384 MB RAM detected; reserving 8192 MB for main workspace.
59743 variants loaded from .bim file.
2504 people (0 males, 0 females, 2504 ambiguous) loaded from .fam.
Ambiguous sex IDs written to chr22_pca.nosex .
--extract: 5191 variants remaining.
Using up to 8 threads (change this with --threads).
Before main variant filters, 2504 founders and 0 nonfounders present.
Calculating allele frequencies... done.
Total genotyping rate is 0.999999.
5191 variants and 2504 people pass filters and QC.
Note: No phenotypes present.
Relationship matrix calculation complete.
--pca: Results saved to chr22_pca.eigenval and chr22_pca.eigenvec .

End time: Tue Feb 17 15:06:03 2026
