PLINK v1.9.0-b.7.11 64-bit (19 Aug 2025)
Options in effect:
  --bfile ../universal_data/preprocessing/chr22_preprocessed
  --extract ../universal_data/preprocessing/kept_snps.txt
  --keep ../universal_data/preprocessing/train_fam.txt
  --make-bed
  --out ../universal_data/preprocessing/chr22_preprocessed_train_subset

Hostname: DAVIVOBOOK
Working directory: C:\Users\david\PycharmProjects\GoBi\gobi_gwas\david
Start time: Thu Feb 19 16:27:26 2026

Random number seed: 1771514846
16062 MB RAM detected; reserving 8031 MB for main workspace.
59743 variants loaded from .bim file.
2504 people (0 males, 0 females, 2504 ambiguous) loaded from .fam.
Ambiguous sex IDs written to
../universal_data/preprocessing/chr22_preprocessed_train_subset.nosex .
--extract: 59740 variants remaining.
--keep: 2003 people remaining.
Using 1 thread (no multithreaded calculations invoked).
Before main variant filters, 2003 founders and 0 nonfounders present.
Calculating allele frequencies... done.
Total genotyping rate in remaining samples is exactly 1.
59740 variants and 2003 people pass filters and QC.
Note: No phenotypes present.
--make-bed to
../universal_data/preprocessing/chr22_preprocessed_train_subset.bed +
../universal_data/preprocessing/chr22_preprocessed_train_subset.bim +
../universal_data/preprocessing/chr22_preprocessed_train_subset.fam ... done.

End time: Thu Feb 19 16:27:26 2026
