PLINK v1.9.0-b.7.11 64-bit (19 Aug 2025)
Options in effect:
  --bfile ../ALL.chr22_GRCh38.genotypes.20170504/ALL.chr22_GRCh38.genotypes.20170504
  --geno 0.02
  --hwe 1e-6
  --maf 0.01
  --make-bed
  --out ../universal_data/preprocessing/chr22_common
  --snps-only

Hostname: DAVIVOBOOK
Working directory: C:\Users\david\PycharmProjects\GoBi\gobi_gwas\david
Start time: Wed Feb 18 15:30:35 2026

Random number seed: 1771425035
16062 MB RAM detected; reserving 8031 MB for main workspace.
97000 out of 109827 variants loaded from .bim file.
2504 people (0 males, 0 females, 2504 ambiguous) loaded from .fam.
Ambiguous sex IDs written to ../universal_data/preprocessing/chr22_common.nosex
.
Using 1 thread (no multithreaded calculations invoked).
Before main variant filters, 2504 founders and 0 nonfounders present.
Calculating allele frequencies... done.
Total genotyping rate is 0.999964.
7 variants removed due to missing genotype data (--geno).
--hwe: 37250 variants removed due to Hardy-Weinberg exact test.
0 variants removed due to minor allele threshold(s)
(--maf/--max-maf/--mac/--max-mac).
59743 variants and 2504 people pass filters and QC.
Note: No phenotypes present.
--make-bed to ../universal_data/preprocessing/chr22_common.bed +
../universal_data/preprocessing/chr22_common.bim +
../universal_data/preprocessing/chr22_common.fam ... done.

End time: Wed Feb 18 15:30:36 2026
