PLINK v1.9.0-b.7.11 64-bit (19 Aug 2025)
Options in effect:
  --bfile ../ALL.chr22_GRCh38.genotypes.20170504/ALL.chr22_GRCh38.genotypes.20170504
  --extract ../universal_data/preprocessing/chr22_pruned.prune.in
  --out ../universal_data/preprocessing/chr22_pca10
  --pca 10

Hostname: DAVIVOBOOK
Working directory: C:\Users\david\PycharmProjects\GoBi\gobi_gwas\david
Start time: Wed Feb 18 15:30:38 2026

Random number seed: 1771425038
16062 MB RAM detected; reserving 8031 MB for main workspace.
109827 variants loaded from .bim file.
2504 people (0 males, 0 females, 2504 ambiguous) loaded from .fam.
Ambiguous sex IDs written to ../universal_data/preprocessing/chr22_pca10.nosex
.
--extract: 7552 variants remaining.
Warning: At least 2 duplicate IDs in --extract file.
Using up to 8 threads (change this with --threads).
Before main variant filters, 2504 founders and 0 nonfounders present.
Calculating allele frequencies... done.
Total genotyping rate is 0.999756.
7552 variants and 2504 people pass filters and QC.
Note: No phenotypes present.
Relationship matrix calculation complete.
--pca: Results saved to ../universal_data/preprocessing/chr22_pca10.eigenval
and ../universal_data/preprocessing/chr22_pca10.eigenvec .

End time: Wed Feb 18 15:30:40 2026
