PLINK v1.9.0-b.7.11 64-bit (19 Aug 2025)
Options in effect:
  --bfile /Users/oykusuoglu/gobi/gobi_gwas/oyku/data/qc/chr22_step1_common
  --exclude /Users/oykusuoglu/gobi/gobi_gwas/oyku/data/qc/dupcheck.dupvar
  --make-bed
  --out /Users/oykusuoglu/gobi/gobi_gwas/oyku/data/qc/chr22_step2_nodup

Hostname: Oykus-MacBook-Pro.local
Working directory: /Users/oykusuoglu/gobi/gobi_gwas/oyku
Start time: Thu Feb 12 17:45:37 2026

Random number seed: 1770914737
16384 MB RAM detected; reserving 8192 MB for main workspace.
59743 variants loaded from .bim file.
2504 people (0 males, 0 females, 2504 ambiguous) loaded from .fam.
Ambiguous sex IDs written to
/Users/oykusuoglu/gobi/gobi_gwas/oyku/data/qc/chr22_step2_nodup.nosex .
--exclude: 59743 variants remaining.
Using 1 thread (no multithreaded calculations invoked).
Before main variant filters, 2504 founders and 0 nonfounders present.
Calculating allele frequencies... done.
Total genotyping rate is in [0.9999995, 1).
59743 variants and 2504 people pass filters and QC.
Note: No phenotypes present.
--make-bed to
/Users/oykusuoglu/gobi/gobi_gwas/oyku/data/qc/chr22_step2_nodup.bed +
/Users/oykusuoglu/gobi/gobi_gwas/oyku/data/qc/chr22_step2_nodup.bim +
/Users/oykusuoglu/gobi/gobi_gwas/oyku/data/qc/chr22_step2_nodup.fam ... done.

End time: Thu Feb 12 17:45:37 2026
