PLINK v1.9.0-b.7.11 64-bit (19 Aug 2025)
Options in effect:
  --bfile /Users/oykusuoglu/gobi/gobi_gwas/oyku/data/qc/chr22_step2_nodup
  --make-bed
  --mind 0.02
  --out /Users/oykusuoglu/gobi/gobi_gwas/oyku/data/qc/chr22_step3_sampleqc

Hostname: Oykus-MacBook-Pro.local
Working directory: /Users/oykusuoglu/gobi/gobi_gwas/oyku
Start time: Thu Feb 12 17:46:06 2026

Random number seed: 1770914766
16384 MB RAM detected; reserving 8192 MB for main workspace.
59743 variants loaded from .bim file.
2504 people (0 males, 0 females, 2504 ambiguous) loaded from .fam.
Ambiguous sex IDs written to
/Users/oykusuoglu/gobi/gobi_gwas/oyku/data/qc/chr22_step3_sampleqc.nosex .
0 people removed due to missing genotype data (--mind).
Using 1 thread (no multithreaded calculations invoked).
Before main variant filters, 2504 founders and 0 nonfounders present.
Calculating allele frequencies... done.
Total genotyping rate is in [0.9999995, 1).
59743 variants and 2504 people pass filters and QC.
Note: No phenotypes present.
--make-bed to
/Users/oykusuoglu/gobi/gobi_gwas/oyku/data/qc/chr22_step3_sampleqc.bed +
/Users/oykusuoglu/gobi/gobi_gwas/oyku/data/qc/chr22_step3_sampleqc.bim +
/Users/oykusuoglu/gobi/gobi_gwas/oyku/data/qc/chr22_step3_sampleqc.fam ...
done.

End time: Thu Feb 12 17:46:07 2026
