PLINK v1.9.0-b.7.11 64-bit (19 Aug 2025)
Options in effect:
  --bfile data/final/chr22_step3_sampleqc
  --clump gwas_for_clump.txt
  --clump-field P
  --clump-kb 250
  --clump-p1 1e-4
  --clump-p2 1e-2
  --clump-r2 0.1
  --clump-snp-field SNP
  --out chr22_clumped

Hostname: Oykus-MacBook-Pro.local
Working directory: /Users/oykusuoglu/gobi/gobi_gwas/oyku
Start time: Fri Feb 13 16:07:39 2026

Random number seed: 1770995259
16384 MB RAM detected; reserving 8192 MB for main workspace.
59743 variants loaded from .bim file.
2504 people (0 males, 0 females, 2504 ambiguous) loaded from .fam.
Ambiguous sex IDs written to chr22_clumped.nosex .
Using 1 thread (no multithreaded calculations invoked).
Before main variant filters, 2504 founders and 0 nonfounders present.
Calculating allele frequencies... done.
Total genotyping rate is in [0.9999995, 1).
59743 variants and 2504 people pass filters and QC.
Note: No phenotypes present.
--clump: 69 clumps formed from 813 top variants.
Results written to chr22_clumped.clumped .

End time: Fri Feb 13 16:07:39 2026
